*** Using Compiler 'V5.06 update 7 (build 960)', folder: 'C:\Keil_v5\ARM\ARMCC\Bin'
Build target 'Target 1'
compiling init.c...
compiling ringbuffer.c...
compiling oled.c...
compiling Fire_protocol.c...
compiling bsp_pwm.c...
compiling bsp_sys.c...
compiling iic.c...
compiling bsp_usart.c...
compiling main.c...
compiling bsp_beep.c...
compiling bsp_qei.c...
compiling bsp_timer.c...
compiling bsp_key.c...
compiling control.c...
compiling data_pid.c...
compiling imu901.c...
compiling bsp_openmv.c...
compiling bsp_sensor.c...
linking...
Program Size: Code=13144 RO-data=5036 RW-data=1644 ZI-data=2124  
FromELF: creating hex file...
".\Objects\template.axf" - 0 Error(s), 0 Warning(s).
Build Time Elapsed:  00:00:03
